<?xml version="1.0" encoding="UTF-8"?>
<testng-results ignored="0" total="1" passed="0" failed="1" skipped="0">
  <reporter-output>
    <line>
      <![CDATA[openBrowser]]>
    </line>
    <line>
      <![CDATA[LogIn]]>
    </line>
    <line>
      <![CDATA[createCustomer]]>
    </line>
    <line>
      <![CDATA[LogOut]]>
    </line>
    <line>
      <![CDATA[clouseBrowser]]>
    </line>
  </reporter-output>
  <suite started-at="2023-07-26T22:57:09 IST" name="Default suite" finished-at="2023-07-26T22:57:40 IST" duration-ms="31824">
    <groups>
    </groups>
    <test started-at="2023-07-26T22:57:09 IST" name="Default test" finished-at="2023-07-26T22:57:40 IST" duration-ms="31824">
      <class name="com.actitime.testscript.CustomerModule">
        <test-method is-config="true" signature="openBrowser()[pri:0, instance:com.actitime.testscript.CustomerModule@4c163e3]" started-at="2023-07-26T22:57:09 IST" name="openBrowser" finished-at="2023-07-26T22:57:22 IST" duration-ms="13683" status="PASS">
          <reporter-output>
            <line>
              <![CDATA[openBrowser]]>
            </line>
          </reporter-output>
        </test-method> <!-- openBrowser -->
        <test-method is-config="true" signature="LogIn()[pri:0, instance:com.actitime.testscript.CustomerModule@4c163e3]" started-at="2023-07-26T22:57:22 IST" name="LogIn" finished-at="2023-07-26T22:57:34 IST" duration-ms="11912" status="PASS">
          <reporter-output>
            <line>
              <![CDATA[LogIn]]>
            </line>
          </reporter-output>
        </test-method> <!-- LogIn -->
        <test-method signature="createCustomer()[pri:0, instance:com.actitime.testscript.CustomerModule@4c163e3]" started-at="2023-07-26T22:57:34 IST" name="createCustomer" finished-at="2023-07-26T22:57:34 IST" duration-ms="16" status="FAIL">
          <exception class="java.lang.AssertionError">
            <message>
              <![CDATA[null]]>
            </message>
            <full-stacktrace>
              <![CDATA[java.lang.AssertionError: null
at org.testng.Assert.fail(Assert.java:111)
at org.testng.Assert.fail(Assert.java:116)
at com.actitime.testscript.CustomerModule.createCustomer(CustomerModule.java:13)
at java.base/jdk.internal.reflect.NativeMethodAccessorImpl.invoke0(Native Method)
at java.base/jdk.internal.reflect.NativeMethodAccessorImpl.invoke(NativeMethodAccessorImpl.java:77)
at java.base/jdk.internal.reflect.DelegatingMethodAccessorImpl.invoke(DelegatingMethodAccessorImpl.java:43)
at java.base/java.lang.reflect.Method.invoke(Method.java:568)
at org.testng.internal.invokers.MethodInvocationHelper.invokeMethod(MethodInvocationHelper.java:139)
at org.testng.internal.invokers.TestInvoker.invokeMethod(TestInvoker.java:664)
at org.testng.internal.invokers.TestInvoker.invokeTestMethod(TestInvoker.java:227)
at org.testng.internal.invokers.MethodRunner.runInSequence(MethodRunner.java:50)
at org.testng.internal.invokers.TestInvoker$MethodInvocationAgent.invoke(TestInvoker.java:957)
at org.testng.internal.invokers.TestInvoker.invokeTestMethods(TestInvoker.java:200)
at org.testng.internal.invokers.TestMethodWorker.invokeTestMethods(TestMethodWorker.java:148)
at org.testng.internal.invokers.TestMethodWorker.run(TestMethodWorker.java:128)
at java.base/java.util.ArrayList.forEach(ArrayList.java:1511)
at org.testng.TestRunner.privateRun(TestRunner.java:848)
at org.testng.TestRunner.run(TestRunner.java:621)
at org.testng.SuiteRunner.runTest(SuiteRunner.java:443)
at org.testng.SuiteRunner.runSequentially(SuiteRunner.java:437)
at org.testng.SuiteRunner.privateRun(SuiteRunner.java:397)
at org.testng.SuiteRunner.run(SuiteRunner.java:336)
at org.testng.SuiteRunnerWorker.runSuite(SuiteRunnerWorker.java:52)
at org.testng.SuiteRunnerWorker.run(SuiteRunnerWorker.java:95)
at org.testng.TestNG.runSuitesSequentially(TestNG.java:1280)
at org.testng.TestNG.runSuitesLocally(TestNG.java:1200)
at org.testng.TestNG.runSuites(TestNG.java:1114)
at org.testng.TestNG.run(TestNG.java:1082)
at org.testng.remote.AbstractRemoteTestNG.run(AbstractRemoteTestNG.java:115)
at org.testng.remote.RemoteTestNG.initAndRun(RemoteTestNG.java:251)
at org.testng.remote.RemoteTestNG.main(RemoteTestNG.java:77)
]]>
            </full-stacktrace>
          </exception> <!-- java.lang.AssertionError -->
          <reporter-output>
            <line>
              <![CDATA[createCustomer]]>
            </line>
          </reporter-output>
        </test-method> <!-- createCustomer -->
        <test-method is-config="true" signature="LogOut()[pri:0, instance:com.actitime.testscript.CustomerModule@4c163e3]" started-at="2023-07-26T22:57:34 IST" name="LogOut" finished-at="2023-07-26T22:57:40 IST" duration-ms="5755" status="PASS">
          <reporter-output>
            <line>
              <![CDATA[LogOut]]>
            </line>
          </reporter-output>
        </test-method> <!-- LogOut -->
        <test-method is-config="true" signature="clouseBrowser()[pri:0, instance:com.actitime.testscript.CustomerModule@4c163e3]" started-at="2023-07-26T22:57:40 IST" name="clouseBrowser" finished-at="2023-07-26T22:57:40 IST" duration-ms="360" status="PASS">
          <reporter-output>
            <line>
              <![CDATA[clouseBrowser]]>
            </line>
          </reporter-output>
        </test-method> <!-- clouseBrowser -->
      </class> <!-- com.actitime.testscript.CustomerModule -->
    </test> <!-- Default test -->
  </suite> <!-- Default suite -->
</testng-results>
